
==========================================================================
floorplan final report_tns
--------------------------------------------------------------------------
tns 0.00

==========================================================================
floorplan final report_wns
--------------------------------------------------------------------------
wns 0.00

==========================================================================
floorplan final report_worst_slack
--------------------------------------------------------------------------
worst slack INF

==========================================================================
floorplan final report_checks -path_delay min
--------------------------------------------------------------------------
No paths found.

==========================================================================
floorplan final report_checks -path_delay max
--------------------------------------------------------------------------
No paths found.

==========================================================================
floorplan final report_checks -unconstrained
--------------------------------------------------------------------------
Startpoint: b[24] (input port)
Endpoint: c[20] (output port)
Path Group: unconstrained
Path Type: max

Fanout     Cap    Slew   Delay    Time   Description
-----------------------------------------------------------------------------
                          0.00    0.00 ^ input external delay
     1    0.00    0.00    0.00    0.00 ^ b[24] (in)
                                         b[24] (net)
                  0.00    0.00    0.00 ^ _1730_/A (sky130_fd_sc_hs__buf_2)
     9    0.04    0.19    0.16    0.16 ^ _1730_/X (sky130_fd_sc_hs__buf_2)
                                         _0165_ (net)
                  0.19    0.00    0.16 ^ _1731_/A (sky130_fd_sc_hs__xnor2_4)
     7    0.03    0.19    0.20    0.36 ^ _1731_/Y (sky130_fd_sc_hs__xnor2_4)
                                         _0176_ (net)
                  0.19    0.00    0.36 ^ _1733_/B (sky130_fd_sc_hs__nand3_2)
     5    0.02    0.12    0.13    0.49 v _1733_/Y (sky130_fd_sc_hs__nand3_2)
                                         _0198_ (net)
                  0.12    0.00    0.49 v _1742_/C (sky130_fd_sc_hs__nor4_4)
     3    0.01    0.23    0.22    0.71 ^ _1742_/Y (sky130_fd_sc_hs__nor4_4)
                                         _0297_ (net)
                  0.23    0.00    0.71 ^ _1840_/B1 (sky130_fd_sc_hs__o211ai_1)
     2    0.01    0.10    0.11    0.83 v _1840_/Y (sky130_fd_sc_hs__o211ai_1)
                                         _0934_ (net)
                  0.10    0.00    0.83 v _1852_/A (sky130_fd_sc_hs__and2_2)
     5    0.02    0.05    0.14    0.96 v _1852_/X (sky130_fd_sc_hs__and2_2)
                                         _0946_ (net)
                  0.05    0.00    0.96 v _1921_/A2 (sky130_fd_sc_hs__a2111oi_2)
     1    0.00    0.21    0.25    1.22 ^ _1921_/Y (sky130_fd_sc_hs__a2111oi_2)
                                         _1015_ (net)
                  0.21    0.00    1.22 ^ _1922_/B1 (sky130_fd_sc_hs__a31oi_2)
     5    0.02    0.14    0.14    1.35 v _1922_/Y (sky130_fd_sc_hs__a31oi_2)
                                         _1016_ (net)
                  0.14    0.00    1.35 v _2095_/B (sky130_fd_sc_hs__xnor3_2)
     4    0.02    0.09    0.31    1.66 v _2095_/X (sky130_fd_sc_hs__xnor3_2)
                                         _1189_ (net)
                  0.09    0.00    1.66 v _2096_/A (sky130_fd_sc_hs__buf_4)
    10    0.03    0.04    0.13    1.79 v _2096_/X (sky130_fd_sc_hs__buf_4)
                                         _1190_ (net)
                  0.04    0.00    1.79 v _2174_/D1 (sky130_fd_sc_hs__a2111oi_2)
     1    0.00    0.19    0.11    1.90 ^ _2174_/Y (sky130_fd_sc_hs__a2111oi_2)
                                         _1268_ (net)
                  0.19    0.00    1.90 ^ _2198_/B1 (sky130_fd_sc_hs__a211oi_1)
     2    0.01    0.07    0.07    1.97 v _2198_/Y (sky130_fd_sc_hs__a211oi_1)
                                         _1292_ (net)
                  0.07    0.00    1.97 v _2255_/A1 (sky130_fd_sc_hs__o21a_1)
     7    0.03    0.12    0.23    2.20 v _2255_/X (sky130_fd_sc_hs__o21a_1)
                                         _1349_ (net)
                  0.12    0.00    2.20 v _2270_/A2 (sky130_fd_sc_hs__o31a_4)
     3    0.02    0.06    0.29    2.50 v _2270_/X (sky130_fd_sc_hs__o31a_4)
                                         _1364_ (net)
                  0.06    0.00    2.50 v _2271_/A (sky130_fd_sc_hs__buf_8)
    10    0.06    0.05    0.12    2.62 v _2271_/X (sky130_fd_sc_hs__buf_8)
                                         _1365_ (net)
                  0.05    0.00    2.62 v _2272_/A (sky130_fd_sc_hs__buf_8)
    10    0.03    0.03    0.11    2.73 v _2272_/X (sky130_fd_sc_hs__buf_8)
                                         _1366_ (net)
                  0.03    0.00    2.73 v _2559_/A1 (sky130_fd_sc_hs__o21a_1)
     2    0.01    0.04    0.14    2.87 v _2559_/X (sky130_fd_sc_hs__o21a_1)
                                         _1653_ (net)
                  0.04    0.00    2.87 v _2562_/B (sky130_fd_sc_hs__nor3_1)
     2    0.01    0.18    0.16    3.03 ^ _2562_/Y (sky130_fd_sc_hs__nor3_1)
                                         _1656_ (net)
                  0.18    0.00    3.03 ^ _2688_/B1 (sky130_fd_sc_hs__o31ai_1)
     2    0.01    0.09    0.10    3.13 v _2688_/Y (sky130_fd_sc_hs__o31ai_1)
                                         _0081_ (net)
                  0.09    0.00    3.13 v _2690_/B1 (sky130_fd_sc_hs__a2111oi_1)
     3    0.01    0.36    0.35    3.48 ^ _2690_/Y (sky130_fd_sc_hs__a2111oi_1)
                                         _0083_ (net)
                  0.36    0.00    3.48 ^ _2691_/B (sky130_fd_sc_hs__nor2_1)
     5    0.01    0.11    0.12    3.59 v _2691_/Y (sky130_fd_sc_hs__nor2_1)
                                         _0084_ (net)
                  0.11    0.00    3.59 v _2700_/A1 (sky130_fd_sc_hs__a211oi_1)
     1    0.01    0.32    0.29    3.88 ^ _2700_/Y (sky130_fd_sc_hs__a211oi_1)
                                         _0094_ (net)
                  0.32    0.00    3.88 ^ _2757_/A1 (sky130_fd_sc_hs__o211ai_4)
     5    0.02    0.11    0.12    4.00 v _2757_/Y (sky130_fd_sc_hs__o211ai_4)
                                         _0157_ (net)
                  0.11    0.00    4.00 v _2758_/B1 (sky130_fd_sc_hs__a21o_2)
     6    0.03    0.07    0.21    4.21 v _2758_/X (sky130_fd_sc_hs__a21o_2)
                                         _0158_ (net)
                  0.07    0.00    4.21 v _2956_/B1 (sky130_fd_sc_hs__a41oi_1)
     2    0.01    0.20    0.18    4.39 ^ _2956_/Y (sky130_fd_sc_hs__a41oi_1)
                                         _0376_ (net)
                  0.20    0.00    4.39 ^ _2957_/B1 (sky130_fd_sc_hs__o31ai_2)
     5    0.02    0.11    0.13    4.52 v _2957_/Y (sky130_fd_sc_hs__o31ai_2)
                                         _0377_ (net)
                  0.11    0.00    4.52 v _2958_/B1 (sky130_fd_sc_hs__a31o_1)
     2    0.01    0.07    0.19    4.71 v _2958_/X (sky130_fd_sc_hs__a31o_1)
                                         _0378_ (net)
                  0.07    0.00    4.71 v _2981_/A1 (sky130_fd_sc_hs__a21oi_4)
    10    0.04    0.22    0.20    4.91 ^ _2981_/Y (sky130_fd_sc_hs__a21oi_4)
                                         _0403_ (net)
                  0.22    0.00    4.91 ^ _2990_/B (sky130_fd_sc_hs__nor2_4)
     7    0.02    0.08    0.09    5.01 v _2990_/Y (sky130_fd_sc_hs__nor2_4)
                                         _0413_ (net)
                  0.08    0.00    5.01 v _3059_/A (sky130_fd_sc_hs__xor2_1)
     1    0.01    0.06    0.13    5.14 v _3059_/X (sky130_fd_sc_hs__xor2_1)
                                         _0489_ (net)
                  0.06    0.00    5.14 v _3069_/A3 (sky130_fd_sc_hs__o311ai_2)
     4    0.02    0.36    0.29    5.43 ^ _3069_/Y (sky130_fd_sc_hs__o311ai_2)
                                         _0500_ (net)
                  0.36    0.00    5.43 ^ _3071_/B2 (sky130_fd_sc_hs__o221ai_2)
     2    0.01    0.13    0.15    5.58 v _3071_/Y (sky130_fd_sc_hs__o221ai_2)
                                         _0502_ (net)
                  0.13    0.00    5.58 v _3076_/A4 (sky130_fd_sc_hs__a41oi_4)
     9    0.03    0.27    0.29    5.86 ^ _3076_/Y (sky130_fd_sc_hs__a41oi_4)
                                         _0508_ (net)
                  0.27    0.00    5.86 ^ _3077_/S (sky130_fd_sc_hs__mux2i_1)
     4    0.02    0.28    0.28    6.14 ^ _3077_/Y (sky130_fd_sc_hs__mux2i_1)
                                         _0509_ (net)
                  0.28    0.00    6.14 ^ _3131_/A (sky130_fd_sc_hs__buf_2)
    10    0.04    0.20    0.22    6.36 ^ _3131_/X (sky130_fd_sc_hs__buf_2)
                                         _0567_ (net)
                  0.20    0.00    6.36 ^ _3248_/S (sky130_fd_sc_hs__mux2i_1)
     4    0.01    0.11    0.12    6.49 v _3248_/Y (sky130_fd_sc_hs__mux2i_1)
                                         _0687_ (net)
                  0.11    0.00    6.49 v _3271_/B1 (sky130_fd_sc_hs__a22oi_1)
     2    0.01    0.15    0.14    6.63 ^ _3271_/Y (sky130_fd_sc_hs__a22oi_1)
                                         _0710_ (net)
                  0.15    0.00    6.63 ^ _3272_/A3 (sky130_fd_sc_hs__a31oi_1)
     1    0.00    0.06    0.08    6.70 v _3272_/Y (sky130_fd_sc_hs__a31oi_1)
                                         _0711_ (net)
                  0.06    0.00    6.70 v _3273_/B1 (sky130_fd_sc_hs__a211oi_1)
     3    0.01    0.33    0.28    6.99 ^ _3273_/Y (sky130_fd_sc_hs__a211oi_1)
                                         _0712_ (net)
                  0.33    0.00    6.99 ^ _3294_/D (sky130_fd_sc_hs__nand4_1)
     3    0.01    0.18    0.19    7.17 v _3294_/Y (sky130_fd_sc_hs__nand4_1)
                                         _0733_ (net)
                  0.18    0.00    7.17 v _3325_/B1 (sky130_fd_sc_hs__a2111oi_4)
     4    0.01    0.28    0.32    7.49 ^ _3325_/Y (sky130_fd_sc_hs__a2111oi_4)
                                         _0765_ (net)
                  0.28    0.00    7.49 ^ _3375_/A (sky130_fd_sc_hs__and3_1)
     1    0.00    0.06    0.14    7.63 ^ _3375_/X (sky130_fd_sc_hs__and3_1)
                                         _0816_ (net)
                  0.06    0.00    7.63 ^ _3376_/B (sky130_fd_sc_hs__xnor2_1)
     1    0.00    0.05    0.06    7.70 ^ _3376_/Y (sky130_fd_sc_hs__xnor2_1)
                                         c[20] (net)
                  0.05    0.00    7.70 ^ c[20] (out)
                                  7.70   data arrival time
-----------------------------------------------------------------------------
(Path is unconstrained)



==========================================================================
floorplan final report_power
--------------------------------------------------------------------------
Group                  Internal  Switching    Leakage      Total
                          Power      Power      Power      Power (Watts)
----------------------------------------------------------------
Sequential             0.00e+00   0.00e+00   0.00e+00   0.00e+00   0.0%
Combinational          5.23e-11   2.12e-11   1.58e-07   1.58e-07 100.0%
Clock                  0.00e+00   0.00e+00   0.00e+00   0.00e+00   0.0%
Macro                  0.00e+00   0.00e+00   0.00e+00   0.00e+00   0.0%
Pad                    0.00e+00   0.00e+00   0.00e+00   0.00e+00   0.0%
----------------------------------------------------------------
Total                  5.23e-11   2.12e-11   1.58e-07   1.58e-07 100.0%
                           0.0%       0.0%     100.0%
