
==========================================================================
global route report_tns
--------------------------------------------------------------------------
tns 0.00

==========================================================================
global route report_wns
--------------------------------------------------------------------------
wns 0.00

==========================================================================
global route report_worst_slack
--------------------------------------------------------------------------
worst slack INF

==========================================================================
global route report_clock_skew
--------------------------------------------------------------------------
Clock v_clock
No launch/capture paths found.


==========================================================================
global route report_checks -path_delay min
--------------------------------------------------------------------------
No paths found.

==========================================================================
global route report_checks -path_delay max
--------------------------------------------------------------------------
No paths found.

==========================================================================
global route report_checks -unconstrained
--------------------------------------------------------------------------
Startpoint: b[27] (input port)
Endpoint: c[18] (output port)
Path Group: unconstrained
Path Type: max

Fanout     Cap    Slew   Delay    Time   Description
-----------------------------------------------------------------------------
                          0.00    0.00 ^ input external delay
     1    0.00    0.00    0.00    0.00 ^ b[27] (in)
                                         b[27] (net)
                  0.00    0.00    0.00 ^ input33/A (sky130_fd_sc_hs__dlygate4sd1_1)
     7    0.09    0.61    0.52    0.52 ^ input33/X (sky130_fd_sc_hs__dlygate4sd1_1)
                                         net33 (net)
                  0.61    0.01    0.53 ^ _1721_/B (sky130_fd_sc_hs__xnor2_4)
     6    0.04    0.28    0.27    0.81 ^ _1721_/Y (sky130_fd_sc_hs__xnor2_4)
                                         _0066_ (net)
                  0.28    0.00    0.81 ^ _1726_/B (sky130_fd_sc_hs__nand4_2)
     3    0.04    0.27    0.28    1.08 v _1726_/Y (sky130_fd_sc_hs__nand4_2)
                                         _0121_ (net)
                  0.27    0.00    1.08 v _1742_/B (sky130_fd_sc_hs__nor4_4)
     3    0.03    0.43    0.45    1.53 ^ _1742_/Y (sky130_fd_sc_hs__nor4_4)
                                         _0297_ (net)
                  0.43    0.00    1.53 ^ _1743_/A (sky130_fd_sc_hs__inv_2)
     2    0.02    0.11    0.10    1.63 v _1743_/Y (sky130_fd_sc_hs__inv_2)
                                         _0308_ (net)
                  0.11    0.00    1.63 v _1812_/A1 (sky130_fd_sc_hs__o21a_4)
     5    0.06    0.08    0.24    1.87 v _1812_/X (sky130_fd_sc_hs__o21a_4)
                                         _0906_ (net)
                  0.08    0.00    1.88 v _1862_/A1 (sky130_fd_sc_hs__a21oi_4)
     4    0.03    0.20    0.20    2.07 ^ _1862_/Y (sky130_fd_sc_hs__a21oi_4)
                                         _0956_ (net)
                  0.20    0.00    2.07 ^ _1863_/A (sky130_fd_sc_hs__buf_8)
    10    0.13    0.15    0.19    2.26 ^ _1863_/X (sky130_fd_sc_hs__buf_8)
                                         _0957_ (net)
                  0.15    0.01    2.27 ^ _1864_/A (sky130_fd_sc_hs__buf_8)
    10    0.13    0.14    0.18    2.45 ^ _1864_/X (sky130_fd_sc_hs__buf_8)
                                         _0958_ (net)
                  0.14    0.00    2.45 ^ _1935_/S (sky130_fd_sc_hs__mux2_1)
     2    0.01    0.08    0.24    2.69 v _1935_/X (sky130_fd_sc_hs__mux2_1)
                                         _1029_ (net)
                  0.08    0.00    2.69 v _1936_/A4 (sky130_fd_sc_hs__o41ai_1)
     1    0.01    0.44    0.36    3.05 ^ _1936_/Y (sky130_fd_sc_hs__o41ai_1)
                                         _1030_ (net)
                  0.44    0.00    3.05 ^ _1937_/B (sky130_fd_sc_hs__nand2_4)
     4    0.03    0.11    0.10    3.15 v _1937_/Y (sky130_fd_sc_hs__nand2_4)
                                         _1031_ (net)
                  0.11    0.00    3.15 v _1942_/C (sky130_fd_sc_hs__and3_1)
     2    0.02    0.09    0.19    3.34 v _1942_/X (sky130_fd_sc_hs__and3_1)
                                         _1036_ (net)
                  0.09    0.00    3.34 v _1984_/B (sky130_fd_sc_hs__nor3_4)
     9    0.07    0.58    0.47    3.81 ^ _1984_/Y (sky130_fd_sc_hs__nor3_4)
                                         _1078_ (net)
                  0.58    0.00    3.81 ^ _2385_/B1 (sky130_fd_sc_hs__o31ai_4)
     9    0.08    0.29    0.31    4.12 v _2385_/Y (sky130_fd_sc_hs__o31ai_4)
                                         _1479_ (net)
                  0.29    0.00    4.12 v _2477_/B (sky130_fd_sc_hs__or4_1)
     1    0.01    0.08    0.35    4.47 v _2477_/X (sky130_fd_sc_hs__or4_1)
                                         _1571_ (net)
                  0.08    0.00    4.47 v _2489_/A2 (sky130_fd_sc_hs__a32oi_4)
     2    0.01    0.19    0.20    4.68 ^ _2489_/Y (sky130_fd_sc_hs__a32oi_4)
                                         _1583_ (net)
                  0.19    0.00    4.68 ^ _2492_/A (sky130_fd_sc_hs__nand2_2)
     3    0.02    0.10    0.12    4.79 v _2492_/Y (sky130_fd_sc_hs__nand2_2)
                                         _1586_ (net)
                  0.10    0.00    4.79 v _2692_/B1 (sky130_fd_sc_hs__a2111oi_4)
     4    0.03    0.45    0.43    5.22 ^ _2692_/Y (sky130_fd_sc_hs__a2111oi_4)
                                         _0085_ (net)
                  0.45    0.00    5.22 ^ _2697_/A1 (sky130_fd_sc_hs__o2111ai_2)
     6    0.05    0.34    0.33    5.56 v _2697_/Y (sky130_fd_sc_hs__o2111ai_2)
                                         _0091_ (net)
                  0.34    0.00    5.56 v _2905_/A3 (sky130_fd_sc_hs__o311ai_2)
     2    0.03    0.45    0.46    6.02 ^ _2905_/Y (sky130_fd_sc_hs__o311ai_2)
                                         _0320_ (net)
                  0.45    0.00    6.02 ^ _2907_/B1 (sky130_fd_sc_hs__o22ai_4)
     4    0.04    0.16    0.18    6.20 v _2907_/Y (sky130_fd_sc_hs__o22ai_4)
                                         _0322_ (net)
                  0.16    0.00    6.20 v _2931_/C (sky130_fd_sc_hs__nor3_4)
    10    0.07    0.55    0.43    6.63 ^ _2931_/Y (sky130_fd_sc_hs__nor3_4)
                                         _0348_ (net)
                  0.55    0.00    6.63 ^ _2942_/C_N (sky130_fd_sc_hs__nor3b_4)
     4    0.03    0.28    0.32    6.96 ^ _2942_/Y (sky130_fd_sc_hs__nor3b_4)
                                         _0360_ (net)
                  0.28    0.00    6.96 ^ _2957_/A2 (sky130_fd_sc_hs__o31ai_4)
     5    0.03    0.11    0.11    7.07 v _2957_/Y (sky130_fd_sc_hs__o31ai_4)
                                         _0377_ (net)
                  0.11    0.00    7.07 v _2958_/B1 (sky130_fd_sc_hs__a31o_1)
     2    0.02    0.08    0.21    7.28 v _2958_/X (sky130_fd_sc_hs__a31o_1)
                                         _0378_ (net)
                  0.08    0.00    7.28 v _2981_/A1 (sky130_fd_sc_hs__a21oi_4)
    10    0.07    0.39    0.33    7.61 ^ _2981_/Y (sky130_fd_sc_hs__a21oi_4)
                                         _0403_ (net)
                  0.39    0.00    7.61 ^ _2990_/B (sky130_fd_sc_hs__nor2_8)
     7    0.04    0.10    0.11    7.72 v _2990_/Y (sky130_fd_sc_hs__nor2_8)
                                         _0413_ (net)
                  0.10    0.00    7.72 v _3059_/A (sky130_fd_sc_hs__xor2_1)
     1    0.01    0.08    0.15    7.87 v _3059_/X (sky130_fd_sc_hs__xor2_1)
                                         _0489_ (net)
                  0.08    0.00    7.87 v _3069_/A3 (sky130_fd_sc_hs__o311ai_2)
     4    0.04    0.56    0.45    8.32 ^ _3069_/Y (sky130_fd_sc_hs__o311ai_2)
                                         _0500_ (net)
                  0.56    0.00    8.32 ^ _3071_/B2 (sky130_fd_sc_hs__o221ai_4)
     2    0.03    0.16    0.17    8.49 v _3071_/Y (sky130_fd_sc_hs__o221ai_4)
                                         _0502_ (net)
                  0.16    0.00    8.49 v _3076_/A4 (sky130_fd_sc_hs__a41oi_4)
     9    0.09    0.56    0.50    9.00 ^ _3076_/Y (sky130_fd_sc_hs__a41oi_4)
                                         _0508_ (net)
                  0.56    0.00    9.00 ^ _3077_/S (sky130_fd_sc_hs__mux2i_4)
     4    0.05    0.38    0.42    9.43 ^ _3077_/Y (sky130_fd_sc_hs__mux2i_4)
                                         _0509_ (net)
                  0.38    0.00    9.43 ^ _3131_/A (sky130_fd_sc_hs__buf_8)
    10    0.13    0.15    0.20    9.63 ^ _3131_/X (sky130_fd_sc_hs__buf_8)
                                         _0567_ (net)
                  0.15    0.00    9.63 ^ _3242_/S (sky130_fd_sc_hs__mux2i_4)
     4    0.03    0.19    0.11    9.74 v _3242_/Y (sky130_fd_sc_hs__mux2i_4)
                                         _0680_ (net)
                  0.19    0.00    9.74 v _3262_/A2 (sky130_fd_sc_hs__a22o_1)
     1    0.01    0.07    0.24    9.99 v _3262_/X (sky130_fd_sc_hs__a22o_1)
                                         _0700_ (net)
                  0.07    0.00    9.99 v _3263_/C1 (sky130_fd_sc_hs__a221oi_4)
     2    0.01    0.27    0.22   10.20 ^ _3263_/Y (sky130_fd_sc_hs__a221oi_4)
                                         _0701_ (net)
                  0.27    0.00   10.20 ^ _3264_/A1 (sky130_fd_sc_hs__mux2_1)
     2    0.02    0.13    0.20   10.41 ^ _3264_/X (sky130_fd_sc_hs__mux2_1)
                                         _0702_ (net)
                  0.13    0.00   10.41 ^ _3294_/C (sky130_fd_sc_hs__nand4_2)
     3    0.02    0.17    0.16   10.57 v _3294_/Y (sky130_fd_sc_hs__nand4_2)
                                         _0733_ (net)
                  0.17    0.00   10.57 v _3325_/B1 (sky130_fd_sc_hs__a2111oi_4)
     4    0.03    0.40    0.41   10.97 ^ _3325_/Y (sky130_fd_sc_hs__a2111oi_4)
                                         _0765_ (net)
                  0.40    0.00   10.98 ^ _3351_/A (sky130_fd_sc_hs__nand2_1)
     1    0.01    0.12    0.13   11.10 v _3351_/Y (sky130_fd_sc_hs__nand2_1)
                                         _0791_ (net)
                  0.12    0.00   11.10 v _3352_/B (sky130_fd_sc_hs__xnor2_2)
     1    0.01    0.09    0.16   11.27 v _3352_/Y (sky130_fd_sc_hs__xnor2_2)
                                         net51 (net)
                  0.09    0.00   11.27 v output51/A (sky130_fd_sc_hs__dlygate4sd1_1)
     1    0.00    0.03    0.21   11.47 v output51/X (sky130_fd_sc_hs__dlygate4sd1_1)
                                         c[18] (net)
                  0.03    0.00   11.47 v c[18] (out)
                                 11.47   data arrival time
-----------------------------------------------------------------------------
(Path is unconstrained)



==========================================================================
global route report_check_types -max_slew -max_cap -max_fanout -violators
--------------------------------------------------------------------------

==========================================================================
global route max_slew_check_slack
--------------------------------------------------------------------------
0.3306823670864105

==========================================================================
global route max_slew_check_limit
--------------------------------------------------------------------------
1.0

==========================================================================
global route max_slew_check_slack_limit
--------------------------------------------------------------------------
0.3307

==========================================================================
global route max_fanout_check_slack
--------------------------------------------------------------------------
1.0000000150474662e+30

==========================================================================
global route max_fanout_check_limit
--------------------------------------------------------------------------
1.0000000150474662e+30

==========================================================================
global route max_capacitance_check_slack
--------------------------------------------------------------------------
0.01933940127491951

==========================================================================
global route max_capacitance_check_limit
--------------------------------------------------------------------------
0.031050002202391624

==========================================================================
global route max_capacitance_check_slack_limit
--------------------------------------------------------------------------
0.6228

==========================================================================
global route max_slew_violation_count
--------------------------------------------------------------------------
max slew violation count 0

==========================================================================
global route max_fanout_violation_count
--------------------------------------------------------------------------
max fanout violation count 0

==========================================================================
global route max_cap_violation_count
--------------------------------------------------------------------------
max cap violation count 0

==========================================================================
global route setup_violation_count
--------------------------------------------------------------------------
setup violation count 0

==========================================================================
global route hold_violation_count
--------------------------------------------------------------------------
hold violation count 0

==========================================================================
global route critical path delay
--------------------------------------------------------------------------
-1

==========================================================================
global route critical path slack
--------------------------------------------------------------------------
0

==========================================================================
global route slack div critical path delay
--------------------------------------------------------------------------
0.000000

==========================================================================
global route report_power
--------------------------------------------------------------------------
Group                  Internal  Switching    Leakage      Total
                          Power      Power      Power      Power (Watts)
----------------------------------------------------------------
Sequential             0.00e+00   0.00e+00   0.00e+00   0.00e+00   0.0%
Combinational          1.03e-10   5.92e-11   1.46e-07   1.46e-07 100.0%
Clock                  2.02e-18   0.00e+00   1.23e-14   1.23e-14   0.0%
Macro                  0.00e+00   0.00e+00   0.00e+00   0.00e+00   0.0%
Pad                    0.00e+00   0.00e+00   0.00e+00   0.00e+00   0.0%
----------------------------------------------------------------
Total                  1.03e-10   5.92e-11   1.46e-07   1.46e-07 100.0%
                           0.1%       0.0%      99.9%
